<?xml version="1.0" encoding="UTF-8"?>
<!-- Generated by org.testng.reporters.JUnitReportReporter -->
<testsuite hostname="DESKTOP-RR73ETU" failures="0" tests="1" name="com.appium.android.testing.android.demoEcommerceAppTC1" time="16.388" errors="0" timestamp="2024-03-11T22:22:17 IST" skipped="0">
  <testcase classname="com.appium.android.testing.android.demoEcommerceAppTC1" name="enterValidLogin" time="16.388"/>
  <system-out/>
</testsuite> <!-- com.appium.android.testing.android.demoEcommerceAppTC1 -->
